#-----------------------------------------------------------
# xsim v2020.1 (64-bit)
# SW Build 2902540 on Wed May 27 19:54:49 MDT 2020
# IP Build 2902112 on Wed May 27 22:43:36 MDT 2020
# Start of session at: Fri Jan  7 05:46:18 2022
# Process ID: 276
# Current directory: D:/VHDL_tutorial_problems_LFT/Problem_2/serial_pattern_search/sim
# Command line: xsim.exe -source {xsim.dir/test/xsim_script.tcl}
# Log file: D:/VHDL_tutorial_problems_LFT/Problem_2/serial_pattern_search/sim/xsim.log
# Journal file: D:/VHDL_tutorial_problems_LFT/Problem_2/serial_pattern_search/sim\xsim.jou
#-----------------------------------------------------------
start_gui
source xsim.dir/test/xsim_script.tcl
# set_param project.enableReportConfiguration 0
# load_feature core
# current_fileset
INFO: [IP_Flow 19-234] Refreshing IP repositories
INFO: [IP_Flow 19-1704] No user IP repositories specified
INFO: [IP_Flow 19-2313] Loaded Vivado IP repository 'C:/Xilinx/Vivado/2020.1/data/ip'.
current_fileset: Time (s): cpu = 00:00:12 ; elapsed = 00:00:07 . Memory (MB): peak = 1182.887 ; gain = 0.000
# xsim {test} -autoloadwcfg
Vivado Simulator 2020.1
Time resolution is 1 ps
add_wave {{/serial_pattern_search_tb/i_clk}} {{/serial_pattern_search_tb/reset_n}} {{/serial_pattern_search_tb/o_pulse}} 
current_wave_config {Untitled 1}
Untitled 1
add_wave {{/serial_pattern_search_tb/UUT/input_serial_pattern}} {{/serial_pattern_search_tb/UUT/current_state}} 
current_wave_config {Untitled 1}
Untitled 1
add_wave {{/serial_pattern_search_tb/UUT/serial_pattern_generate_1/output_incremental_pattern}} {{/serial_pattern_search_tb/UUT/serial_pattern_generate_1/counter_main}} {{/serial_pattern_search_tb/UUT/serial_pattern_generate_1/counter_bits}} {{/serial_pattern_search_tb/UUT/serial_pattern_generate_1/counter_binary}} 
run 250 us
close_sim
INFO: [Simtcl 6-16] Simulation closed
close_sim: Time (s): cpu = 00:00:02 ; elapsed = 00:00:13 . Memory (MB): peak = 1182.887 ; gain = 0.000
exit
INFO: [Common 17-206] Exiting xsim at Fri Jan  7 05:48:33 2022...
